Library/Bee/Android/Prj/IL2CPP/Gradle/unityLibrary/build/intermediates/manifest_merge_blame_file/release/manifest-merger-blame-release-report.txt
1<?xml version="1.0" encoding="utf-8"?>
2<manifest xmlns:android="http://schemas.android.com/apk/res/android"
3    xmlns:tools="http://schemas.android.com/tools"
4    package="com.unity3d.player" >
5
6    <uses-sdk
7        android:minSdkVersion="26"
7-->src\main\AndroidManifest.xml
8        android:targetSdkVersion="32" />
8-->src\main\AndroidManifest.xml
9
10    <uses-permission android:name="android.permission.INTERNET" />
10-->src\main\AndroidManifest.xml:3:3-65
10-->src\main\AndroidManifest.xml:3:20-62
11    <uses-permission android:name="android.permission.CAMERA" />
11-->src\main\AndroidManifest.xml:4:3-63
11-->src\main\AndroidManifest.xml:4:20-60
12
13    <uses-feature android:glEsVersion="0x00030000" />
13-->src\main\AndroidManifest.xml:5:3-52
13-->src\main\AndroidManifest.xml:5:17-49
14    <uses-feature
14-->src\main\AndroidManifest.xml:6:3-83
15        android:name="android.hardware.camera"
15-->src\main\AndroidManifest.xml:6:17-55
16        android:required="false" />
16-->src\main\AndroidManifest.xml:6:56-80
17    <uses-feature
17-->src\main\AndroidManifest.xml:7:3-93
18        android:name="android.hardware.camera.autofocus"
18-->src\main\AndroidManifest.xml:7:17-65
19        android:required="false" />
19-->src\main\AndroidManifest.xml:7:66-90
20    <uses-feature
20-->src\main\AndroidManifest.xml:8:3-89
21        android:name="android.hardware.camera.front"
21-->src\main\AndroidManifest.xml:8:17-61
22        android:required="false" />
22-->src\main\AndroidManifest.xml:8:62-86
23    <uses-feature
23-->src\main\AndroidManifest.xml:9:3-88
24        android:name="android.hardware.touchscreen"
24-->src\main\AndroidManifest.xml:9:17-60
25        android:required="false" />
25-->src\main\AndroidManifest.xml:9:61-85
26    <uses-feature
26-->src\main\AndroidManifest.xml:10:3-99
27        android:name="android.hardware.touchscreen.multitouch"
27-->src\main\AndroidManifest.xml:10:17-71
28        android:required="false" />
28-->src\main\AndroidManifest.xml:10:72-96
29    <uses-feature
29-->src\main\AndroidManifest.xml:11:3-108
30        android:name="android.hardware.touchscreen.multitouch.distinct"
30-->src\main\AndroidManifest.xml:11:17-80
31        android:required="false" />
31-->src\main\AndroidManifest.xml:11:81-105
32    <uses-feature
32-->src\main\AndroidManifest.xml:30:3-85
33        android:name="android.hardware.camera.ar"
33-->src\main\AndroidManifest.xml:30:17-58
34        android:required="true" />
34-->src\main\AndroidManifest.xml:30:59-82
35    <uses-feature
35-->src\main\AndroidManifest.xml:31:3-83
36        android:name="com.google.ar.core.depth"
36-->src\main\AndroidManifest.xml:31:17-56
37        android:required="true" />
37-->src\main\AndroidManifest.xml:31:57-80
38
39    <application android:extractNativeLibs="true" >
39-->src\main\AndroidManifest.xml:12:3-29:17
39-->src\main\AndroidManifest.xml:12:16-48
40        <meta-data
40-->src\main\AndroidManifest.xml:13:5-69
41            android:name="unity.splash-mode"
41-->src\main\AndroidManifest.xml:13:16-48
42            android:value="0" />
42-->src\main\AndroidManifest.xml:13:49-66
43        <meta-data
43-->src\main\AndroidManifest.xml:14:5-74
44            android:name="unity.splash-enable"
44-->src\main\AndroidManifest.xml:14:16-50
45            android:value="True" />
45-->src\main\AndroidManifest.xml:14:51-71
46        <meta-data
46-->src\main\AndroidManifest.xml:15:5-78
47            android:name="unity.launch-fullscreen"
47-->src\main\AndroidManifest.xml:15:16-54
48            android:value="True" />
48-->src\main\AndroidManifest.xml:15:55-75
49        <meta-data
49-->src\main\AndroidManifest.xml:16:5-84
50            android:name="unity.allow-resizable-window"
50-->src\main\AndroidManifest.xml:16:16-59
51            android:value="False" />
51-->src\main\AndroidManifest.xml:16:60-81
52        <meta-data
52-->src\main\AndroidManifest.xml:17:5-81
53            android:name="notch.config"
53-->src\main\AndroidManifest.xml:17:16-43
54            android:value="portrait|landscape" />
54-->src\main\AndroidManifest.xml:17:44-78
55        <meta-data
55-->src\main\AndroidManifest.xml:18:5-84
56            android:name="unity.auto-report-fully-drawn"
56-->src\main\AndroidManifest.xml:18:16-60
57            android:value="true" />
57-->src\main\AndroidManifest.xml:18:61-81
58
59        <activity
59-->src\main\AndroidManifest.xml:19:5-26:16
60            android:name="com.unity3d.player.UnityPlayerActivity"
60-->src\main\AndroidManifest.xml:19:15-68
61            android:configChanges="mcc|mnc|locale|touchscreen|keyboard|keyboardHidden|navigation|orientation|screenLayout|uiMode|screenSize|smallestScreenSize|fontScale|layoutDirection|density"
61-->src\main\AndroidManifest.xml:19:180-361
62            android:exported="true"
62-->src\main\AndroidManifest.xml:19:433-456
63            android:hardwareAccelerated="false"
63-->src\main\AndroidManifest.xml:19:397-432
64            android:launchMode="singleTask"
64-->src\main\AndroidManifest.xml:19:148-179
65            android:resizeableActivity="false"
65-->src\main\AndroidManifest.xml:19:362-396
66            android:screenOrientation="fullUser"
66-->src\main\AndroidManifest.xml:19:111-147
67            android:theme="@style/UnityThemeSelector" >
67-->src\main\AndroidManifest.xml:19:69-110
68            <intent-filter>
68-->src\main\AndroidManifest.xml:20:7-23:23
69                <category android:name="android.intent.category.LAUNCHER" />
69-->src\main\AndroidManifest.xml:21:9-69
69-->src\main\AndroidManifest.xml:21:19-66
70
71                <action android:name="android.intent.action.MAIN" />
71-->src\main\AndroidManifest.xml:22:9-61
71-->src\main\AndroidManifest.xml:22:17-58
72            </intent-filter>
73
74            <meta-data
74-->src\main\AndroidManifest.xml:24:7-82
75                android:name="unityplayer.UnityActivity"
75-->src\main\AndroidManifest.xml:24:18-58
76                android:value="true" />
76-->src\main\AndroidManifest.xml:24:59-79
77            <meta-data
77-->src\main\AndroidManifest.xml:25:7-70
78                android:name="notch_support"
78-->src\main\AndroidManifest.xml:25:18-46
79                android:value="true" />
79-->src\main\AndroidManifest.xml:25:47-67
80        </activity>
81
82        <meta-data
82-->src\main\AndroidManifest.xml:27:5-88
83            android:name="unityplayer.SkipPermissionsDialog"
83-->src\main\AndroidManifest.xml:27:16-64
84            android:value="true" />
84-->src\main\AndroidManifest.xml:27:65-85
85        <meta-data
85-->src\main\AndroidManifest.xml:28:5-77
86            android:name="com.google.ar.core"
86-->src\main\AndroidManifest.xml:28:16-49
87            android:value="optional" />
87-->src\main\AndroidManifest.xml:28:50-74
88    </application>
89
90</manifest>